ERROR - 2022-01-24 16:57:54 --> Table 'db_blog.data_produk' doesn't exist
CRITICAL - 2022-01-24 16:57:54 --> Table 'db_blog.data_produk' doesn't exist
#0 /home/bayu/Master/Tugas/helmku/vendor/codeigniter4/framework/system/Database/MySQLi/Connection.php(292): mysqli->query()
#1 /home/bayu/Master/Tugas/helmku/vendor/codeigniter4/framework/system/Database/BaseConnection.php(670): CodeIgniter\Database\MySQLi\Connection->execute()
#2 /home/bayu/Master/Tugas/helmku/vendor/codeigniter4/framework/system/Database/BaseConnection.php(598): CodeIgniter\Database\BaseConnection->simpleQuery()
#3 /home/bayu/Master/Tugas/helmku/vendor/codeigniter4/framework/system/Database/BaseBuilder.php(1443): CodeIgniter\Database\BaseConnection->query()
#4 /home/bayu/Master/Tugas/helmku/vendor/codeigniter4/framework/system/Model.php(723): CodeIgniter\Database\BaseBuilder->get()
#5 /home/bayu/Master/Tugas/helmku/app/Controllers/Pages.php(54): CodeIgniter\Model->__call()
#6 /home/bayu/Master/Tugas/helmku/vendor/codeigniter4/framework/system/CodeIgniter.php(824): App\Controllers\Pages->index()
#7 /home/bayu/Master/Tugas/helmku/vendor/codeigniter4/framework/system/CodeIgniter.php(410): CodeIgniter\CodeIgniter->runController()
#8 /home/bayu/Master/Tugas/helmku/vendor/codeigniter4/framework/system/CodeIgniter.php(318): CodeIgniter\CodeIgniter->handleRequest()
#9 /home/bayu/Master/Tugas/helmku/public/index.php(37): CodeIgniter\CodeIgniter->run()
#10 /home/bayu/Master/Tugas/helmku/vendor/codeigniter4/framework/system/Commands/Server/rewrite.php(43): require_once('/home/bayu/Mast...')
#11 {main}
ERROR - 2022-01-24 16:57:56 --> Table 'db_blog.data_produk' doesn't exist
CRITICAL - 2022-01-24 16:57:56 --> Table 'db_blog.data_produk' doesn't exist
#0 /home/bayu/Master/Tugas/helmku/vendor/codeigniter4/framework/system/Database/MySQLi/Connection.php(292): mysqli->query()
#1 /home/bayu/Master/Tugas/helmku/vendor/codeigniter4/framework/system/Database/BaseConnection.php(670): CodeIgniter\Database\MySQLi\Connection->execute()
#2 /home/bayu/Master/Tugas/helmku/vendor/codeigniter4/framework/system/Database/BaseConnection.php(598): CodeIgniter\Database\BaseConnection->simpleQuery()
#3 /home/bayu/Master/Tugas/helmku/vendor/codeigniter4/framework/system/Database/BaseBuilder.php(1443): CodeIgniter\Database\BaseConnection->query()
#4 /home/bayu/Master/Tugas/helmku/vendor/codeigniter4/framework/system/Model.php(723): CodeIgniter\Database\BaseBuilder->get()
#5 /home/bayu/Master/Tugas/helmku/app/Controllers/Pages.php(54): CodeIgniter\Model->__call()
#6 /home/bayu/Master/Tugas/helmku/vendor/codeigniter4/framework/system/CodeIgniter.php(824): App\Controllers\Pages->index()
#7 /home/bayu/Master/Tugas/helmku/vendor/codeigniter4/framework/system/CodeIgniter.php(410): CodeIgniter\CodeIgniter->runController()
#8 /home/bayu/Master/Tugas/helmku/vendor/codeigniter4/framework/system/CodeIgniter.php(318): CodeIgniter\CodeIgniter->handleRequest()
#9 /home/bayu/Master/Tugas/helmku/public/index.php(37): CodeIgniter\CodeIgniter->run()
#10 /home/bayu/Master/Tugas/helmku/vendor/codeigniter4/framework/system/Commands/Server/rewrite.php(43): require_once('/home/bayu/Mast...')
#11 {main}
